[16-Aug-2018 23:34:35 UTC] PHP Fatal error:  Allowed memory size of 134217728 bytes exhausted (tried to allocate 262144 bytes) in C:\Users\Eleana\Documents\Desafios\Semana-13-tema-wp\mi-primer-tema\wp-includes\theme.php on line 111
[16-Aug-2018 23:34:35 UTC] PHP Fatal error:  Allowed memory size of 134217728 bytes exhausted (tried to allocate 131072 bytes) in C:\Users\Eleana\Documents\Desafios\Semana-13-tema-wp\mi-primer-tema\wp-includes\functions.php on line 3743
[16-Aug-2018 23:34:35 UTC] PHP Fatal error:  Unknown: Cannot use output buffering in output buffering display handlers in Unknown on line 0
[16-Aug-2018 23:40:43 UTC] PHP Fatal error:  Allowed memory size of 134217728 bytes exhausted (tried to allocate 4096 bytes) in C:\Users\Eleana\Documents\Desafios\Semana-13-tema-wp\mi-primer-tema\wp-includes\class-wp-theme.php on line 212
[16-Aug-2018 23:40:43 UTC] PHP Fatal error:  Allowed memory size of 134217728 bytes exhausted (tried to allocate 65536 bytes) in C:\Users\Eleana\Documents\Desafios\Semana-13-tema-wp\mi-primer-tema\wp-includes\functions.php on line 3743
[16-Aug-2018 23:40:43 UTC] PHP Fatal error:  Unknown: Cannot use output buffering in output buffering display handlers in Unknown on line 0
[17-Aug-2018 18:38:51 UTC] PHP Fatal error:  Allowed memory size of 134217728 bytes exhausted (tried to allocate 262144 bytes) in C:\Users\Eleana\Documents\Desafios\Semana-13-tema-wp\mi-primer-tema\wp-includes\theme.php on line 111
[17-Aug-2018 18:38:51 UTC] PHP Fatal error:  Allowed memory size of 134217728 bytes exhausted (tried to allocate 131072 bytes) in C:\Users\Eleana\Documents\Desafios\Semana-13-tema-wp\mi-primer-tema\wp-includes\functions.php on line 3743
[17-Aug-2018 18:38:51 UTC] PHP Fatal error:  Unknown: Cannot use output buffering in output buffering display handlers in Unknown on line 0
[17-Aug-2018 18:39:08 UTC] PHP Fatal error:  Allowed memory size of 134217728 bytes exhausted (tried to allocate 262144 bytes) in C:\Users\Eleana\Documents\Desafios\Semana-13-tema-wp\mi-primer-tema\wp-includes\theme.php on line 111
[17-Aug-2018 18:39:08 UTC] PHP Fatal error:  Allowed memory size of 134217728 bytes exhausted (tried to allocate 131072 bytes) in C:\Users\Eleana\Documents\Desafios\Semana-13-tema-wp\mi-primer-tema\wp-includes\functions.php on line 3743
[17-Aug-2018 18:39:08 UTC] PHP Fatal error:  Unknown: Cannot use output buffering in output buffering display handlers in Unknown on line 0
[17-Aug-2018 18:39:09 UTC] PHP Notice:  ob_end_flush(): failed to send buffer of zlib output compression (1) in C:\Users\Eleana\Documents\Desafios\Semana-13-tema-wp\mi-primer-tema\wp-includes\functions.php on line 3743
[17-Aug-2018 18:39:09 UTC] PHP Notice:  ob_end_flush(): failed to send buffer of zlib output compression (1) in C:\Users\Eleana\Documents\Desafios\Semana-13-tema-wp\mi-primer-tema\wp-includes\functions.php on line 3743
[17-Aug-2018 18:39:20 UTC] PHP Fatal error:  Allowed memory size of 134217728 bytes exhausted (tried to allocate 4096 bytes) in C:\Users\Eleana\Documents\Desafios\Semana-13-tema-wp\mi-primer-tema\wp-includes\class-wp-hook.php on line 271
[17-Aug-2018 18:39:20 UTC] PHP Fatal error:  Allowed memory size of 134217728 bytes exhausted (tried to allocate 65536 bytes) in C:\Users\Eleana\Documents\Desafios\Semana-13-tema-wp\mi-primer-tema\wp-includes\functions.php on line 3743
[17-Aug-2018 18:39:20 UTC] PHP Fatal error:  Unknown: Cannot use output buffering in output buffering display handlers in Unknown on line 0
[17-Aug-2018 18:41:14 UTC] PHP Parse error:  syntax error, unexpected '}' in C:\Users\Eleana\Documents\Desafios\Semana-13-tema-wp\mi-primer-tema\wp-content\themes\mitema\front-page.php on line 68
[17-Aug-2018 18:41:46 UTC] PHP Fatal error:  Allowed memory size of 134217728 bytes exhausted (tried to allocate 4096 bytes) in C:\Users\Eleana\Documents\Desafios\Semana-13-tema-wp\mi-primer-tema\wp-includes\class-wp-hook.php on line 271
[17-Aug-2018 18:41:46 UTC] PHP Fatal error:  Allowed memory size of 134217728 bytes exhausted (tried to allocate 65536 bytes) in C:\Users\Eleana\Documents\Desafios\Semana-13-tema-wp\mi-primer-tema\wp-includes\functions.php on line 3743
[17-Aug-2018 18:41:46 UTC] PHP Fatal error:  Unknown: Cannot use output buffering in output buffering display handlers in Unknown on line 0
[17-Aug-2018 18:42:18 UTC] PHP Fatal error:  Allowed memory size of 134217728 bytes exhausted (tried to allocate 262144 bytes) in C:\Users\Eleana\Documents\Desafios\Semana-13-tema-wp\mi-primer-tema\wp-includes\cache.php on line 530
[17-Aug-2018 18:42:18 UTC] PHP Fatal error:  Allowed memory size of 134217728 bytes exhausted (tried to allocate 262144 bytes) in Unknown on line 0
[17-Aug-2018 18:42:18 UTC] PHP Fatal error:  Allowed memory size of 134217728 bytes exhausted (tried to allocate 131072 bytes) in Unknown on line 0
[17-Aug-2018 18:51:58 UTC] PHP Parse error:  syntax error, unexpected '=' in C:\Users\Eleana\Documents\Desafios\Semana-13-tema-wp\mi-primer-tema\wp-content\themes\mitema\functions.php on line 6
[17-Aug-2018 18:52:26 UTC] PHP Fatal error:  Allowed memory size of 134217728 bytes exhausted (tried to allocate 262144 bytes) in C:\Users\Eleana\Documents\Desafios\Semana-13-tema-wp\mi-primer-tema\wp-includes\cache.php on line 530
[17-Aug-2018 18:52:26 UTC] PHP Fatal error:  Allowed memory size of 134217728 bytes exhausted (tried to allocate 262144 bytes) in Unknown on line 0
[17-Aug-2018 18:52:26 UTC] PHP Fatal error:  Allowed memory size of 134217728 bytes exhausted (tried to allocate 131072 bytes) in Unknown on line 0
[17-Aug-2018 18:57:23 UTC] PHP Fatal error:  Allowed memory size of 134217728 bytes exhausted (tried to allocate 262144 bytes) in C:\Users\Eleana\Documents\Desafios\Semana-13-tema-wp\mi-primer-tema\wp-includes\cache.php on line 123
[17-Aug-2018 18:57:23 UTC] PHP Fatal error:  Allowed memory size of 134217728 bytes exhausted (tried to allocate 262144 bytes) in C:\Users\Eleana\Documents\Desafios\Semana-13-tema-wp\mi-primer-tema\wp-includes\load.php on line 679
[17-Aug-2018 18:57:23 UTC] PHP Fatal error:  Allowed memory size of 134217728 bytes exhausted (tried to allocate 131072 bytes) in Unknown on line 0
[17-Aug-2018 18:58:04 UTC] PHP Fatal error:  Allowed memory size of 134217728 bytes exhausted (tried to allocate 262144 bytes) in C:\Users\Eleana\Documents\Desafios\Semana-13-tema-wp\mi-primer-tema\wp-includes\theme.php on line 111
[17-Aug-2018 18:58:04 UTC] PHP Fatal error:  Allowed memory size of 134217728 bytes exhausted (tried to allocate 131072 bytes) in C:\Users\Eleana\Documents\Desafios\Semana-13-tema-wp\mi-primer-tema\wp-includes\functions.php on line 3743
[17-Aug-2018 18:58:04 UTC] PHP Fatal error:  Unknown: Cannot use output buffering in output buffering display handlers in Unknown on line 0
[17-Aug-2018 18:58:19 UTC] PHP Fatal error:  Allowed memory size of 134217728 bytes exhausted (tried to allocate 4096 bytes) in C:\Users\Eleana\Documents\Desafios\Semana-13-tema-wp\mi-primer-tema\wp-includes\class-wp-hook.php on line 271
[17-Aug-2018 18:58:19 UTC] PHP Fatal error:  Allowed memory size of 134217728 bytes exhausted (tried to allocate 65536 bytes) in C:\Users\Eleana\Documents\Desafios\Semana-13-tema-wp\mi-primer-tema\wp-includes\functions.php on line 3743
[17-Aug-2018 18:58:19 UTC] PHP Fatal error:  Unknown: Cannot use output buffering in output buffering display handlers in Unknown on line 0
[17-Aug-2018 18:59:31 UTC] PHP Fatal error:  Allowed memory size of 134217728 bytes exhausted (tried to allocate 262144 bytes) in C:\Users\Eleana\Documents\Desafios\Semana-13-tema-wp\mi-primer-tema\wp-includes\cache.php on line 123
[17-Aug-2018 18:59:31 UTC] PHP Fatal error:  Allowed memory size of 134217728 bytes exhausted (tried to allocate 262144 bytes) in C:\Users\Eleana\Documents\Desafios\Semana-13-tema-wp\mi-primer-tema\wp-includes\load.php on line 679
[17-Aug-2018 18:59:31 UTC] PHP Fatal error:  Allowed memory size of 134217728 bytes exhausted (tried to allocate 131072 bytes) in Unknown on line 0
[17-Aug-2018 21:30:21 UTC] PHP Warning:  count(): Parameter must be an array or an object that implements Countable in C:\Users\Eleana\Documents\Desafios\Semana-13-tema-wp\mi-primer-tema\wp-includes\post-template.php on line 284
[17-Aug-2018 21:43:08 UTC] PHP Warning:  count(): Parameter must be an array or an object that implements Countable in C:\Users\Eleana\Documents\Desafios\Semana-13-tema-wp\mi-primer-tema\wp-includes\post-template.php on line 284
[17-Aug-2018 23:58:26 UTC] PHP Notice:  ob_end_flush(): failed to send buffer of zlib output compression (1) in C:\Users\Eleana\Documents\Desafios\Semana-13-tema-wp\mi-primer-tema\wp-includes\functions.php on line 3743
[17-Aug-2018 23:58:26 UTC] PHP Notice:  ob_end_flush(): failed to send buffer of zlib output compression (1) in C:\Users\Eleana\Documents\Desafios\Semana-13-tema-wp\mi-primer-tema\wp-includes\functions.php on line 3743
[17-Aug-2018 23:58:29 UTC] PHP Notice:  ob_end_flush(): failed to send buffer of zlib output compression (1) in C:\Users\Eleana\Documents\Desafios\Semana-13-tema-wp\mi-primer-tema\wp-includes\functions.php on line 3743
[17-Aug-2018 23:58:29 UTC] PHP Notice:  ob_end_flush(): failed to send buffer of zlib output compression (1) in C:\Users\Eleana\Documents\Desafios\Semana-13-tema-wp\mi-primer-tema\wp-includes\functions.php on line 3743
[17-Aug-2018 23:58:49 UTC] PHP Notice:  ob_end_flush(): failed to send buffer of zlib output compression (1) in C:\Users\Eleana\Documents\Desafios\Semana-13-tema-wp\mi-primer-tema\wp-includes\functions.php on line 3743
[17-Aug-2018 23:58:49 UTC] PHP Notice:  ob_end_flush(): failed to send buffer of zlib output compression (1) in C:\Users\Eleana\Documents\Desafios\Semana-13-tema-wp\mi-primer-tema\wp-includes\functions.php on line 3743
[17-Aug-2018 23:59:51 UTC] PHP Notice:  ob_end_flush(): failed to send buffer of zlib output compression (1) in C:\Users\Eleana\Documents\Desafios\Semana-13-tema-wp\mi-primer-tema\wp-includes\functions.php on line 3743
[17-Aug-2018 23:59:51 UTC] PHP Notice:  ob_end_flush(): failed to send buffer of zlib output compression (1) in C:\Users\Eleana\Documents\Desafios\Semana-13-tema-wp\mi-primer-tema\wp-includes\functions.php on line 3743
[18-Aug-2018 00:01:57 UTC] PHP Notice:  ob_end_flush(): failed to send buffer of zlib output compression (1) in C:\Users\Eleana\Documents\Desafios\Semana-13-tema-wp\mi-primer-tema\wp-includes\functions.php on line 3743
[18-Aug-2018 00:01:57 UTC] PHP Notice:  ob_end_flush(): failed to send buffer of zlib output compression (1) in C:\Users\Eleana\Documents\Desafios\Semana-13-tema-wp\mi-primer-tema\wp-includes\functions.php on line 3743
[18-Aug-2018 00:02:08 UTC] PHP Notice:  ob_end_flush(): failed to send buffer of zlib output compression (1) in C:\Users\Eleana\Documents\Desafios\Semana-13-tema-wp\mi-primer-tema\wp-includes\functions.php on line 3743
[18-Aug-2018 00:02:08 UTC] PHP Notice:  ob_end_flush(): failed to send buffer of zlib output compression (1) in C:\Users\Eleana\Documents\Desafios\Semana-13-tema-wp\mi-primer-tema\wp-includes\functions.php on line 3743
[18-Aug-2018 00:37:45 UTC] PHP Notice:  ob_end_flush(): failed to send buffer of zlib output compression (1) in C:\Users\Eleana\Documents\Desafios\Semana-13-tema-wp\mi-primer-tema\wp-includes\functions.php on line 3743
[18-Aug-2018 00:37:45 UTC] PHP Notice:  ob_end_flush(): failed to send buffer of zlib output compression (1) in C:\Users\Eleana\Documents\Desafios\Semana-13-tema-wp\mi-primer-tema\wp-includes\functions.php on line 3743
[18-Aug-2018 00:37:48 UTC] PHP Notice:  ob_end_flush(): failed to send buffer of zlib output compression (1) in C:\Users\Eleana\Documents\Desafios\Semana-13-tema-wp\mi-primer-tema\wp-includes\functions.php on line 3743
[18-Aug-2018 00:37:48 UTC] PHP Notice:  ob_end_flush(): failed to send buffer of zlib output compression (1) in C:\Users\Eleana\Documents\Desafios\Semana-13-tema-wp\mi-primer-tema\wp-includes\functions.php on line 3743
[18-Aug-2018 00:42:10 UTC] PHP Notice:  ob_end_flush(): failed to send buffer of zlib output compression (1) in C:\Users\Eleana\Documents\Desafios\Semana-13-tema-wp\mi-primer-tema\wp-includes\functions.php on line 3743
[18-Aug-2018 00:42:10 UTC] PHP Notice:  ob_end_flush(): failed to send buffer of zlib output compression (1) in C:\Users\Eleana\Documents\Desafios\Semana-13-tema-wp\mi-primer-tema\wp-includes\functions.php on line 3743
[18-Aug-2018 00:42:14 UTC] PHP Notice:  ob_end_flush(): failed to send buffer of zlib output compression (1) in C:\Users\Eleana\Documents\Desafios\Semana-13-tema-wp\mi-primer-tema\wp-includes\functions.php on line 3743
[18-Aug-2018 00:42:14 UTC] PHP Notice:  ob_end_flush(): failed to send buffer of zlib output compression (1) in C:\Users\Eleana\Documents\Desafios\Semana-13-tema-wp\mi-primer-tema\wp-includes\functions.php on line 3743
[18-Aug-2018 00:42:24 UTC] PHP Notice:  ob_end_flush(): failed to send buffer of zlib output compression (1) in C:\Users\Eleana\Documents\Desafios\Semana-13-tema-wp\mi-primer-tema\wp-includes\functions.php on line 3743
[18-Aug-2018 00:42:24 UTC] PHP Notice:  ob_end_flush(): failed to send buffer of zlib output compression (1) in C:\Users\Eleana\Documents\Desafios\Semana-13-tema-wp\mi-primer-tema\wp-includes\functions.php on line 3743
[18-Aug-2018 00:43:27 UTC] PHP Notice:  ob_end_flush(): failed to send buffer of zlib output compression (1) in C:\Users\Eleana\Documents\Desafios\Semana-13-tema-wp\mi-primer-tema\wp-includes\functions.php on line 3743
[18-Aug-2018 00:43:27 UTC] PHP Notice:  ob_end_flush(): failed to send buffer of zlib output compression (1) in C:\Users\Eleana\Documents\Desafios\Semana-13-tema-wp\mi-primer-tema\wp-includes\functions.php on line 3743
[18-Aug-2018 00:57:55 UTC] PHP Notice:  ob_end_flush(): failed to send buffer of zlib output compression (1) in C:\Users\Eleana\Documents\Desafios\Semana-13-tema-wp\mi-primer-tema\wp-includes\functions.php on line 3743
[18-Aug-2018 00:57:55 UTC] PHP Notice:  ob_end_flush(): failed to send buffer of zlib output compression (1) in C:\Users\Eleana\Documents\Desafios\Semana-13-tema-wp\mi-primer-tema\wp-includes\functions.php on line 3743
[18-Aug-2018 00:58:00 UTC] PHP Notice:  ob_end_flush(): failed to send buffer of zlib output compression (1) in C:\Users\Eleana\Documents\Desafios\Semana-13-tema-wp\mi-primer-tema\wp-includes\functions.php on line 3743
[18-Aug-2018 00:58:00 UTC] PHP Notice:  ob_end_flush(): failed to send buffer of zlib output compression (1) in C:\Users\Eleana\Documents\Desafios\Semana-13-tema-wp\mi-primer-tema\wp-includes\functions.php on line 3743
[18-Aug-2018 01:18:32 UTC] PHP Notice:  ob_end_flush(): failed to send buffer of zlib output compression (1) in C:\Users\Eleana\Documents\Desafios\Semana-13-tema-wp\mi-primer-tema\wp-includes\functions.php on line 3743
[18-Aug-2018 01:18:32 UTC] PHP Notice:  ob_end_flush(): failed to send buffer of zlib output compression (1) in C:\Users\Eleana\Documents\Desafios\Semana-13-tema-wp\mi-primer-tema\wp-includes\functions.php on line 3743
[18-Aug-2018 01:18:37 UTC] PHP Notice:  ob_end_flush(): failed to send buffer of zlib output compression (1) in C:\Users\Eleana\Documents\Desafios\Semana-13-tema-wp\mi-primer-tema\wp-includes\functions.php on line 3743
[18-Aug-2018 01:18:37 UTC] PHP Notice:  ob_end_flush(): failed to send buffer of zlib output compression (1) in C:\Users\Eleana\Documents\Desafios\Semana-13-tema-wp\mi-primer-tema\wp-includes\functions.php on line 3743
[18-Aug-2018 01:18:58 UTC] PHP Notice:  ob_end_flush(): failed to send buffer of zlib output compression (1) in C:\Users\Eleana\Documents\Desafios\Semana-13-tema-wp\mi-primer-tema\wp-includes\functions.php on line 3743
[18-Aug-2018 01:18:58 UTC] PHP Notice:  ob_end_flush(): failed to send buffer of zlib output compression (1) in C:\Users\Eleana\Documents\Desafios\Semana-13-tema-wp\mi-primer-tema\wp-includes\functions.php on line 3743
[18-Aug-2018 01:33:49 UTC] PHP Notice:  ob_end_flush(): failed to send buffer of zlib output compression (1) in C:\Users\Eleana\Documents\Desafios\Semana-13-tema-wp\mi-primer-tema\wp-includes\functions.php on line 3743
[18-Aug-2018 01:33:49 UTC] PHP Notice:  ob_end_flush(): failed to send buffer of zlib output compression (1) in C:\Users\Eleana\Documents\Desafios\Semana-13-tema-wp\mi-primer-tema\wp-includes\functions.php on line 3743
[18-Aug-2018 01:33:51 UTC] PHP Notice:  ob_end_flush(): failed to send buffer of zlib output compression (1) in C:\Users\Eleana\Documents\Desafios\Semana-13-tema-wp\mi-primer-tema\wp-includes\functions.php on line 3743
[18-Aug-2018 01:33:51 UTC] PHP Notice:  ob_end_flush(): failed to send buffer of zlib output compression (1) in C:\Users\Eleana\Documents\Desafios\Semana-13-tema-wp\mi-primer-tema\wp-includes\functions.php on line 3743
[18-Aug-2018 01:43:42 UTC] PHP Notice:  ob_end_flush(): failed to send buffer of zlib output compression (1) in C:\Users\Eleana\Documents\Desafios\Semana-13-tema-wp\mi-primer-tema\wp-includes\functions.php on line 3743
[18-Aug-2018 01:43:42 UTC] PHP Notice:  ob_end_flush(): failed to send buffer of zlib output compression (1) in C:\Users\Eleana\Documents\Desafios\Semana-13-tema-wp\mi-primer-tema\wp-includes\functions.php on line 3743
[18-Aug-2018 01:43:46 UTC] PHP Notice:  ob_end_flush(): failed to send buffer of zlib output compression (1) in C:\Users\Eleana\Documents\Desafios\Semana-13-tema-wp\mi-primer-tema\wp-includes\functions.php on line 3743
[18-Aug-2018 01:43:46 UTC] PHP Notice:  ob_end_flush(): failed to send buffer of zlib output compression (1) in C:\Users\Eleana\Documents\Desafios\Semana-13-tema-wp\mi-primer-tema\wp-includes\functions.php on line 3743
[18-Aug-2018 01:44:05 UTC] PHP Notice:  ob_end_flush(): failed to send buffer of zlib output compression (1) in C:\Users\Eleana\Documents\Desafios\Semana-13-tema-wp\mi-primer-tema\wp-includes\functions.php on line 3743
[18-Aug-2018 01:44:05 UTC] PHP Notice:  ob_end_flush(): failed to send buffer of zlib output compression (1) in C:\Users\Eleana\Documents\Desafios\Semana-13-tema-wp\mi-primer-tema\wp-includes\functions.php on line 3743
[18-Aug-2018 01:45:47 UTC] PHP Notice:  ob_end_flush(): failed to send buffer of zlib output compression (1) in C:\Users\Eleana\Documents\Desafios\Semana-13-tema-wp\mi-primer-tema\wp-includes\functions.php on line 3743
[18-Aug-2018 01:45:47 UTC] PHP Notice:  ob_end_flush(): failed to send buffer of zlib output compression (1) in C:\Users\Eleana\Documents\Desafios\Semana-13-tema-wp\mi-primer-tema\wp-includes\functions.php on line 3743
[18-Aug-2018 01:45:51 UTC] PHP Notice:  ob_end_flush(): failed to send buffer of zlib output compression (1) in C:\Users\Eleana\Documents\Desafios\Semana-13-tema-wp\mi-primer-tema\wp-includes\functions.php on line 3743
[18-Aug-2018 01:45:51 UTC] PHP Notice:  ob_end_flush(): failed to send buffer of zlib output compression (1) in C:\Users\Eleana\Documents\Desafios\Semana-13-tema-wp\mi-primer-tema\wp-includes\functions.php on line 3743
[18-Aug-2018 01:46:04 UTC] PHP Notice:  ob_end_flush(): failed to send buffer of zlib output compression (1) in C:\Users\Eleana\Documents\Desafios\Semana-13-tema-wp\mi-primer-tema\wp-includes\functions.php on line 3743
[18-Aug-2018 01:46:04 UTC] PHP Notice:  ob_end_flush(): failed to send buffer of zlib output compression (1) in C:\Users\Eleana\Documents\Desafios\Semana-13-tema-wp\mi-primer-tema\wp-includes\functions.php on line 3743
[18-Aug-2018 01:46:07 UTC] PHP Notice:  ob_end_flush(): failed to send buffer of zlib output compression (1) in C:\Users\Eleana\Documents\Desafios\Semana-13-tema-wp\mi-primer-tema\wp-includes\functions.php on line 3743
[18-Aug-2018 01:46:07 UTC] PHP Notice:  ob_end_flush(): failed to send buffer of zlib output compression (1) in C:\Users\Eleana\Documents\Desafios\Semana-13-tema-wp\mi-primer-tema\wp-includes\functions.php on line 3743
[18-Aug-2018 01:46:12 UTC] PHP Notice:  ob_end_flush(): failed to send buffer of zlib output compression (1) in C:\Users\Eleana\Documents\Desafios\Semana-13-tema-wp\mi-primer-tema\wp-includes\functions.php on line 3743
[18-Aug-2018 01:46:12 UTC] PHP Notice:  ob_end_flush(): failed to send buffer of zlib output compression (1) in C:\Users\Eleana\Documents\Desafios\Semana-13-tema-wp\mi-primer-tema\wp-includes\functions.php on line 3743
[18-Aug-2018 01:46:19 UTC] PHP Notice:  ob_end_flush(): failed to send buffer of zlib output compression (1) in C:\Users\Eleana\Documents\Desafios\Semana-13-tema-wp\mi-primer-tema\wp-includes\functions.php on line 3743
[18-Aug-2018 01:46:19 UTC] PHP Notice:  ob_end_flush(): failed to send buffer of zlib output compression (1) in C:\Users\Eleana\Documents\Desafios\Semana-13-tema-wp\mi-primer-tema\wp-includes\functions.php on line 3743
[18-Aug-2018 01:47:26 UTC] PHP Notice:  ob_end_flush(): failed to send buffer of zlib output compression (1) in C:\Users\Eleana\Documents\Desafios\Semana-13-tema-wp\mi-primer-tema\wp-includes\functions.php on line 3743
[18-Aug-2018 01:47:26 UTC] PHP Notice:  ob_end_flush(): failed to send buffer of zlib output compression (1) in C:\Users\Eleana\Documents\Desafios\Semana-13-tema-wp\mi-primer-tema\wp-includes\functions.php on line 3743
[18-Aug-2018 01:47:29 UTC] PHP Notice:  ob_end_flush(): failed to send buffer of zlib output compression (1) in C:\Users\Eleana\Documents\Desafios\Semana-13-tema-wp\mi-primer-tema\wp-includes\functions.php on line 3743
[18-Aug-2018 01:47:29 UTC] PHP Notice:  ob_end_flush(): failed to send buffer of zlib output compression (1) in C:\Users\Eleana\Documents\Desafios\Semana-13-tema-wp\mi-primer-tema\wp-includes\functions.php on line 3743
[18-Aug-2018 01:49:39 UTC] PHP Notice:  ob_end_flush(): failed to send buffer of zlib output compression (1) in C:\Users\Eleana\Documents\Desafios\Semana-13-tema-wp\mi-primer-tema\wp-includes\functions.php on line 3743
[18-Aug-2018 01:49:39 UTC] PHP Notice:  ob_end_flush(): failed to send buffer of zlib output compression (1) in C:\Users\Eleana\Documents\Desafios\Semana-13-tema-wp\mi-primer-tema\wp-includes\functions.php on line 3743
[18-Aug-2018 01:49:40 UTC] PHP Notice:  ob_end_flush(): failed to send buffer of zlib output compression (1) in C:\Users\Eleana\Documents\Desafios\Semana-13-tema-wp\mi-primer-tema\wp-includes\functions.php on line 3743
[18-Aug-2018 01:49:40 UTC] PHP Notice:  ob_end_flush(): failed to send buffer of zlib output compression (1) in C:\Users\Eleana\Documents\Desafios\Semana-13-tema-wp\mi-primer-tema\wp-includes\functions.php on line 3743
[18-Aug-2018 01:58:26 UTC] PHP Notice:  ob_end_flush(): failed to send buffer of zlib output compression (1) in C:\Users\Eleana\Documents\Desafios\Semana-13-tema-wp\mi-primer-tema\wp-includes\functions.php on line 3743
[18-Aug-2018 01:58:26 UTC] PHP Notice:  ob_end_flush(): failed to send buffer of zlib output compression (1) in C:\Users\Eleana\Documents\Desafios\Semana-13-tema-wp\mi-primer-tema\wp-includes\functions.php on line 3743
[18-Aug-2018 01:58:29 UTC] PHP Notice:  ob_end_flush(): failed to send buffer of zlib output compression (1) in C:\Users\Eleana\Documents\Desafios\Semana-13-tema-wp\mi-primer-tema\wp-includes\functions.php on line 3743
[18-Aug-2018 01:58:29 UTC] PHP Notice:  ob_end_flush(): failed to send buffer of zlib output compression (1) in C:\Users\Eleana\Documents\Desafios\Semana-13-tema-wp\mi-primer-tema\wp-includes\functions.php on line 3743
[18-Aug-2018 01:58:33 UTC] PHP Notice:  ob_end_flush(): failed to send buffer of zlib output compression (1) in C:\Users\Eleana\Documents\Desafios\Semana-13-tema-wp\mi-primer-tema\wp-includes\functions.php on line 3743
[18-Aug-2018 01:58:33 UTC] PHP Notice:  ob_end_flush(): failed to send buffer of zlib output compression (1) in C:\Users\Eleana\Documents\Desafios\Semana-13-tema-wp\mi-primer-tema\wp-includes\functions.php on line 3743
[18-Aug-2018 01:58:43 UTC] PHP Notice:  ob_end_flush(): failed to send buffer of zlib output compression (1) in C:\Users\Eleana\Documents\Desafios\Semana-13-tema-wp\mi-primer-tema\wp-includes\functions.php on line 3743
[18-Aug-2018 01:58:43 UTC] PHP Notice:  ob_end_flush(): failed to send buffer of zlib output compression (1) in C:\Users\Eleana\Documents\Desafios\Semana-13-tema-wp\mi-primer-tema\wp-includes\functions.php on line 3743
[18-Aug-2018 01:59:09 UTC] PHP Notice:  ob_end_flush(): failed to send buffer of zlib output compression (1) in C:\Users\Eleana\Documents\Desafios\Semana-13-tema-wp\mi-primer-tema\wp-includes\functions.php on line 3743
[18-Aug-2018 01:59:09 UTC] PHP Notice:  ob_end_flush(): failed to send buffer of zlib output compression (1) in C:\Users\Eleana\Documents\Desafios\Semana-13-tema-wp\mi-primer-tema\wp-includes\functions.php on line 3743
[18-Aug-2018 01:59:14 UTC] PHP Notice:  ob_end_flush(): failed to send buffer of zlib output compression (1) in C:\Users\Eleana\Documents\Desafios\Semana-13-tema-wp\mi-primer-tema\wp-includes\functions.php on line 3743
[18-Aug-2018 01:59:14 UTC] PHP Notice:  ob_end_flush(): failed to send buffer of zlib output compression (1) in C:\Users\Eleana\Documents\Desafios\Semana-13-tema-wp\mi-primer-tema\wp-includes\functions.php on line 3743
[18-Aug-2018 01:59:23 UTC] PHP Notice:  ob_end_flush(): failed to send buffer of zlib output compression (1) in C:\Users\Eleana\Documents\Desafios\Semana-13-tema-wp\mi-primer-tema\wp-includes\functions.php on line 3743
[18-Aug-2018 01:59:23 UTC] PHP Notice:  ob_end_flush(): failed to send buffer of zlib output compression (1) in C:\Users\Eleana\Documents\Desafios\Semana-13-tema-wp\mi-primer-tema\wp-includes\functions.php on line 3743
[18-Aug-2018 01:59:26 UTC] PHP Notice:  ob_end_flush(): failed to send buffer of zlib output compression (1) in C:\Users\Eleana\Documents\Desafios\Semana-13-tema-wp\mi-primer-tema\wp-includes\functions.php on line 3743
[18-Aug-2018 01:59:26 UTC] PHP Notice:  ob_end_flush(): failed to send buffer of zlib output compression (1) in C:\Users\Eleana\Documents\Desafios\Semana-13-tema-wp\mi-primer-tema\wp-includes\functions.php on line 3743
[18-Aug-2018 01:59:28 UTC] PHP Notice:  ob_end_flush(): failed to send buffer of zlib output compression (1) in C:\Users\Eleana\Documents\Desafios\Semana-13-tema-wp\mi-primer-tema\wp-includes\functions.php on line 3743
[18-Aug-2018 01:59:28 UTC] PHP Notice:  ob_end_flush(): failed to send buffer of zlib output compression (1) in C:\Users\Eleana\Documents\Desafios\Semana-13-tema-wp\mi-primer-tema\wp-includes\functions.php on line 3743
[18-Aug-2018 01:59:36 UTC] PHP Notice:  ob_end_flush(): failed to send buffer of zlib output compression (1) in C:\Users\Eleana\Documents\Desafios\Semana-13-tema-wp\mi-primer-tema\wp-includes\functions.php on line 3743
[18-Aug-2018 01:59:36 UTC] PHP Notice:  ob_end_flush(): failed to send buffer of zlib output compression (1) in C:\Users\Eleana\Documents\Desafios\Semana-13-tema-wp\mi-primer-tema\wp-includes\functions.php on line 3743
[18-Aug-2018 02:00:14 UTC] PHP Notice:  ob_end_flush(): failed to send buffer of zlib output compression (1) in C:\Users\Eleana\Documents\Desafios\Semana-13-tema-wp\mi-primer-tema\wp-includes\functions.php on line 3743
[18-Aug-2018 02:00:14 UTC] PHP Notice:  ob_end_flush(): failed to send buffer of zlib output compression (1) in C:\Users\Eleana\Documents\Desafios\Semana-13-tema-wp\mi-primer-tema\wp-includes\functions.php on line 3743
[18-Aug-2018 02:00:16 UTC] PHP Notice:  ob_end_flush(): failed to send buffer of zlib output compression (1) in C:\Users\Eleana\Documents\Desafios\Semana-13-tema-wp\mi-primer-tema\wp-includes\functions.php on line 3743
[18-Aug-2018 02:00:16 UTC] PHP Notice:  ob_end_flush(): failed to send buffer of zlib output compression (1) in C:\Users\Eleana\Documents\Desafios\Semana-13-tema-wp\mi-primer-tema\wp-includes\functions.php on line 3743
[18-Aug-2018 02:02:51 UTC] PHP Notice:  ob_end_flush(): failed to send buffer of zlib output compression (1) in C:\Users\Eleana\Documents\Desafios\Semana-13-tema-wp\mi-primer-tema\wp-includes\functions.php on line 3743
[18-Aug-2018 02:02:51 UTC] PHP Notice:  ob_end_flush(): failed to send buffer of zlib output compression (1) in C:\Users\Eleana\Documents\Desafios\Semana-13-tema-wp\mi-primer-tema\wp-includes\functions.php on line 3743
[18-Aug-2018 02:02:55 UTC] PHP Notice:  ob_end_flush(): failed to send buffer of zlib output compression (1) in C:\Users\Eleana\Documents\Desafios\Semana-13-tema-wp\mi-primer-tema\wp-includes\functions.php on line 3743
[18-Aug-2018 02:02:55 UTC] PHP Notice:  ob_end_flush(): failed to send buffer of zlib output compression (1) in C:\Users\Eleana\Documents\Desafios\Semana-13-tema-wp\mi-primer-tema\wp-includes\functions.php on line 3743
[18-Aug-2018 02:18:31 UTC] PHP Fatal error:  Uncaught Error: Call to undefined function some_condition() in C:\Users\Eleana\Documents\Desafios\Semana-13-tema-wp\mi-primer-tema\wp-content\themes\mitema\functions.php:58
Stack trace:
#0 C:\Users\Eleana\Documents\Desafios\Semana-13-tema-wp\mi-primer-tema\wp-includes\class-wp-hook.php(286): my_callback('')
#1 C:\Users\Eleana\Documents\Desafios\Semana-13-tema-wp\mi-primer-tema\wp-includes\class-wp-hook.php(310): WP_Hook->apply_filters(NULL, Array)
#2 C:\Users\Eleana\Documents\Desafios\Semana-13-tema-wp\mi-primer-tema\wp-includes\plugin.php(453): WP_Hook->do_action(Array)
#3 C:\Users\Eleana\Documents\Desafios\Semana-13-tema-wp\mi-primer-tema\wp-includes\template-loader.php(12): do_action('template_redire...')
#4 C:\Users\Eleana\Documents\Desafios\Semana-13-tema-wp\mi-primer-tema\wp-blog-header.php(19): require_once('C:\\Users\\Eleana...')
#5 C:\Users\Eleana\Documents\Desafios\Semana-13-tema-wp\mi-primer-tema\index.php(17): require('C:\\Users\\Eleana...')
#6 {main}
  thrown in C:\Users\Eleana\Documents\Desafios\Semana-13-tema-wp\mi-primer-tema\wp-content\themes\mitema\functions.php on line 58
[18-Aug-2018 02:18:41 UTC] PHP Fatal error:  Uncaught Error: Call to undefined function some_condition() in C:\Users\Eleana\Documents\Desafios\Semana-13-tema-wp\mi-primer-tema\wp-content\themes\mitema\functions.php:58
Stack trace:
#0 C:\Users\Eleana\Documents\Desafios\Semana-13-tema-wp\mi-primer-tema\wp-includes\class-wp-hook.php(286): my_callback('')
#1 C:\Users\Eleana\Documents\Desafios\Semana-13-tema-wp\mi-primer-tema\wp-includes\class-wp-hook.php(310): WP_Hook->apply_filters(NULL, Array)
#2 C:\Users\Eleana\Documents\Desafios\Semana-13-tema-wp\mi-primer-tema\wp-includes\plugin.php(453): WP_Hook->do_action(Array)
#3 C:\Users\Eleana\Documents\Desafios\Semana-13-tema-wp\mi-primer-tema\wp-includes\template-loader.php(12): do_action('template_redire...')
#4 C:\Users\Eleana\Documents\Desafios\Semana-13-tema-wp\mi-primer-tema\wp-blog-header.php(19): require_once('C:\\Users\\Eleana...')
#5 C:\Users\Eleana\Documents\Desafios\Semana-13-tema-wp\mi-primer-tema\index.php(17): require('C:\\Users\\Eleana...')
#6 {main}
  thrown in C:\Users\Eleana\Documents\Desafios\Semana-13-tema-wp\mi-primer-tema\wp-content\themes\mitema\functions.php on line 58
[18-Aug-2018 02:18:49 UTC] PHP Notice:  ob_end_flush(): failed to send buffer of zlib output compression (1) in C:\Users\Eleana\Documents\Desafios\Semana-13-tema-wp\mi-primer-tema\wp-includes\functions.php on line 3743
[18-Aug-2018 02:18:49 UTC] PHP Notice:  ob_end_flush(): failed to send buffer of zlib output compression (1) in C:\Users\Eleana\Documents\Desafios\Semana-13-tema-wp\mi-primer-tema\wp-includes\functions.php on line 3743
[18-Aug-2018 02:18:52 UTC] PHP Fatal error:  Uncaught Error: Call to undefined function some_condition() in C:\Users\Eleana\Documents\Desafios\Semana-13-tema-wp\mi-primer-tema\wp-content\themes\mitema\functions.php:58
Stack trace:
#0 C:\Users\Eleana\Documents\Desafios\Semana-13-tema-wp\mi-primer-tema\wp-includes\class-wp-hook.php(286): my_callback('')
#1 C:\Users\Eleana\Documents\Desafios\Semana-13-tema-wp\mi-primer-tema\wp-includes\class-wp-hook.php(310): WP_Hook->apply_filters(NULL, Array)
#2 C:\Users\Eleana\Documents\Desafios\Semana-13-tema-wp\mi-primer-tema\wp-includes\plugin.php(453): WP_Hook->do_action(Array)
#3 C:\Users\Eleana\Documents\Desafios\Semana-13-tema-wp\mi-primer-tema\wp-includes\template-loader.php(12): do_action('template_redire...')
#4 C:\Users\Eleana\Documents\Desafios\Semana-13-tema-wp\mi-primer-tema\wp-blog-header.php(19): require_once('C:\\Users\\Eleana...')
#5 C:\Users\Eleana\Documents\Desafios\Semana-13-tema-wp\mi-primer-tema\index.php(17): require('C:\\Users\\Eleana...')
#6 {main}
  thrown in C:\Users\Eleana\Documents\Desafios\Semana-13-tema-wp\mi-primer-tema\wp-content\themes\mitema\functions.php on line 58
[18-Aug-2018 02:20:18 UTC] PHP Notice:  ob_end_flush(): failed to send buffer of zlib output compression (1) in C:\Users\Eleana\Documents\Desafios\Semana-13-tema-wp\mi-primer-tema\wp-includes\functions.php on line 3743
[18-Aug-2018 02:20:18 UTC] PHP Notice:  ob_end_flush(): failed to send buffer of zlib output compression (1) in C:\Users\Eleana\Documents\Desafios\Semana-13-tema-wp\mi-primer-tema\wp-includes\functions.php on line 3743
[18-Aug-2018 02:20:22 UTC] PHP Notice:  ob_end_flush(): failed to send buffer of zlib output compression (1) in C:\Users\Eleana\Documents\Desafios\Semana-13-tema-wp\mi-primer-tema\wp-includes\functions.php on line 3743
[18-Aug-2018 02:20:22 UTC] PHP Notice:  ob_end_flush(): failed to send buffer of zlib output compression (1) in C:\Users\Eleana\Documents\Desafios\Semana-13-tema-wp\mi-primer-tema\wp-includes\functions.php on line 3743
[18-Aug-2018 02:20:28 UTC] PHP Notice:  ob_end_flush(): failed to send buffer of zlib output compression (1) in C:\Users\Eleana\Documents\Desafios\Semana-13-tema-wp\mi-primer-tema\wp-includes\functions.php on line 3743
[18-Aug-2018 02:20:28 UTC] PHP Notice:  ob_end_flush(): failed to send buffer of zlib output compression (1) in C:\Users\Eleana\Documents\Desafios\Semana-13-tema-wp\mi-primer-tema\wp-includes\functions.php on line 3743
[18-Aug-2018 02:20:35 UTC] PHP Notice:  ob_end_flush(): failed to send buffer of zlib output compression (1) in C:\Users\Eleana\Documents\Desafios\Semana-13-tema-wp\mi-primer-tema\wp-includes\functions.php on line 3743
[18-Aug-2018 02:20:35 UTC] PHP Notice:  ob_end_flush(): failed to send buffer of zlib output compression (1) in C:\Users\Eleana\Documents\Desafios\Semana-13-tema-wp\mi-primer-tema\wp-includes\functions.php on line 3743
[18-Aug-2018 02:20:43 UTC] PHP Notice:  ob_end_flush(): failed to send buffer of zlib output compression (1) in C:\Users\Eleana\Documents\Desafios\Semana-13-tema-wp\mi-primer-tema\wp-includes\functions.php on line 3743
[18-Aug-2018 02:20:43 UTC] PHP Notice:  ob_end_flush(): failed to send buffer of zlib output compression (1) in C:\Users\Eleana\Documents\Desafios\Semana-13-tema-wp\mi-primer-tema\wp-includes\functions.php on line 3743
[18-Aug-2018 02:21:18 UTC] PHP Warning:  Sucedió un error inesperado. Puede que algo vaya mal con WordPress.org o la configuración de este servidor. Si sigues teniendo problemas, por favor prueba en los <a href="https://es.wordpress.org/support/">foros de soporte</a>. (WordPress no pudo establecer una conexión segura con WordPress.org. Por favor, contacta con el administrador de tu servidor.) in C:\Users\Eleana\Documents\Desafios\Semana-13-tema-wp\mi-primer-tema\wp-includes\update.php on line 347
[18-Aug-2018 02:21:25 UTC] PHP Notice:  ob_end_flush(): failed to send buffer of zlib output compression (1) in C:\Users\Eleana\Documents\Desafios\Semana-13-tema-wp\mi-primer-tema\wp-includes\functions.php on line 3743
[18-Aug-2018 02:21:25 UTC] PHP Notice:  ob_end_flush(): failed to send buffer of zlib output compression (1) in C:\Users\Eleana\Documents\Desafios\Semana-13-tema-wp\mi-primer-tema\wp-includes\functions.php on line 3743
[18-Aug-2018 02:21:35 UTC] PHP Notice:  ob_end_flush(): failed to send buffer of zlib output compression (1) in C:\Users\Eleana\Documents\Desafios\Semana-13-tema-wp\mi-primer-tema\wp-includes\functions.php on line 3743
[18-Aug-2018 02:21:35 UTC] PHP Notice:  ob_end_flush(): failed to send buffer of zlib output compression (1) in C:\Users\Eleana\Documents\Desafios\Semana-13-tema-wp\mi-primer-tema\wp-includes\functions.php on line 3743
[18-Aug-2018 02:21:41 UTC] PHP Notice:  ob_end_flush(): failed to send buffer of zlib output compression (1) in C:\Users\Eleana\Documents\Desafios\Semana-13-tema-wp\mi-primer-tema\wp-includes\functions.php on line 3743
[18-Aug-2018 02:21:41 UTC] PHP Notice:  ob_end_flush(): failed to send buffer of zlib output compression (1) in C:\Users\Eleana\Documents\Desafios\Semana-13-tema-wp\mi-primer-tema\wp-includes\functions.php on line 3743
[18-Aug-2018 02:21:50 UTC] PHP Notice:  ob_end_flush(): failed to send buffer of zlib output compression (1) in C:\Users\Eleana\Documents\Desafios\Semana-13-tema-wp\mi-primer-tema\wp-includes\functions.php on line 3743
[18-Aug-2018 02:21:50 UTC] PHP Notice:  ob_end_flush(): failed to send buffer of zlib output compression (1) in C:\Users\Eleana\Documents\Desafios\Semana-13-tema-wp\mi-primer-tema\wp-includes\functions.php on line 3743
[18-Aug-2018 02:21:59 UTC] PHP Notice:  ob_end_flush(): failed to send buffer of zlib output compression (1) in C:\Users\Eleana\Documents\Desafios\Semana-13-tema-wp\mi-primer-tema\wp-includes\functions.php on line 3743
[18-Aug-2018 02:21:59 UTC] PHP Notice:  ob_end_flush(): failed to send buffer of zlib output compression (1) in C:\Users\Eleana\Documents\Desafios\Semana-13-tema-wp\mi-primer-tema\wp-includes\functions.php on line 3743
[18-Aug-2018 02:22:09 UTC] PHP Notice:  ob_end_flush(): failed to send buffer of zlib output compression (1) in C:\Users\Eleana\Documents\Desafios\Semana-13-tema-wp\mi-primer-tema\wp-includes\functions.php on line 3743
[18-Aug-2018 02:22:09 UTC] PHP Notice:  ob_end_flush(): failed to send buffer of zlib output compression (1) in C:\Users\Eleana\Documents\Desafios\Semana-13-tema-wp\mi-primer-tema\wp-includes\functions.php on line 3743
[18-Aug-2018 02:23:55 UTC] PHP Notice:  ob_end_flush(): failed to send buffer of zlib output compression (1) in C:\Users\Eleana\Documents\Desafios\Semana-13-tema-wp\mi-primer-tema\wp-includes\functions.php on line 3743
[18-Aug-2018 02:23:55 UTC] PHP Notice:  ob_end_flush(): failed to send buffer of zlib output compression (1) in C:\Users\Eleana\Documents\Desafios\Semana-13-tema-wp\mi-primer-tema\wp-includes\functions.php on line 3743
[18-Aug-2018 02:24:00 UTC] PHP Notice:  ob_end_flush(): failed to send buffer of zlib output compression (1) in C:\Users\Eleana\Documents\Desafios\Semana-13-tema-wp\mi-primer-tema\wp-includes\functions.php on line 3743
[18-Aug-2018 02:24:00 UTC] PHP Notice:  ob_end_flush(): failed to send buffer of zlib output compression (1) in C:\Users\Eleana\Documents\Desafios\Semana-13-tema-wp\mi-primer-tema\wp-includes\functions.php on line 3743
[18-Aug-2018 02:24:07 UTC] PHP Notice:  ob_end_flush(): failed to send buffer of zlib output compression (1) in C:\Users\Eleana\Documents\Desafios\Semana-13-tema-wp\mi-primer-tema\wp-includes\functions.php on line 3743
[18-Aug-2018 02:24:07 UTC] PHP Notice:  ob_end_flush(): failed to send buffer of zlib output compression (1) in C:\Users\Eleana\Documents\Desafios\Semana-13-tema-wp\mi-primer-tema\wp-includes\functions.php on line 3743
[18-Aug-2018 02:24:09 UTC] PHP Notice:  ob_end_flush(): failed to send buffer of zlib output compression (1) in C:\Users\Eleana\Documents\Desafios\Semana-13-tema-wp\mi-primer-tema\wp-includes\functions.php on line 3743
[18-Aug-2018 02:24:09 UTC] PHP Notice:  ob_end_flush(): failed to send buffer of zlib output compression (1) in C:\Users\Eleana\Documents\Desafios\Semana-13-tema-wp\mi-primer-tema\wp-includes\functions.php on line 3743
[18-Aug-2018 02:24:19 UTC] PHP Notice:  ob_end_flush(): failed to send buffer of zlib output compression (1) in C:\Users\Eleana\Documents\Desafios\Semana-13-tema-wp\mi-primer-tema\wp-includes\functions.php on line 3743
[18-Aug-2018 02:24:19 UTC] PHP Notice:  ob_end_flush(): failed to send buffer of zlib output compression (1) in C:\Users\Eleana\Documents\Desafios\Semana-13-tema-wp\mi-primer-tema\wp-includes\functions.php on line 3743
[18-Aug-2018 02:24:22 UTC] PHP Notice:  ob_end_flush(): failed to send buffer of zlib output compression (1) in C:\Users\Eleana\Documents\Desafios\Semana-13-tema-wp\mi-primer-tema\wp-includes\functions.php on line 3743
[18-Aug-2018 02:24:22 UTC] PHP Notice:  ob_end_flush(): failed to send buffer of zlib output compression (1) in C:\Users\Eleana\Documents\Desafios\Semana-13-tema-wp\mi-primer-tema\wp-includes\functions.php on line 3743
[18-Aug-2018 02:24:30 UTC] PHP Notice:  ob_end_flush(): failed to send buffer of zlib output compression (1) in C:\Users\Eleana\Documents\Desafios\Semana-13-tema-wp\mi-primer-tema\wp-includes\functions.php on line 3743
[18-Aug-2018 02:24:30 UTC] PHP Notice:  ob_end_flush(): failed to send buffer of zlib output compression (1) in C:\Users\Eleana\Documents\Desafios\Semana-13-tema-wp\mi-primer-tema\wp-includes\functions.php on line 3743
