********************************************************************************
DUPLICATOR-LITE PACKAGE-LOG: 18 August, 2018 2:22 am
NOTICE: Do NOT post to public sites or forums 
********************************************************************************
VERSION:	1.2.40
WORDPRESS:	4.9.8
PHP INFO:	7.2.1 | SAPI: apache2handler
SERVER:		Apache/2.2.31 (Win32) DAV/2 mod_ssl/2.2.31 OpenSSL/1.0.2h mod_fcgid/2.3.9 mod_wsgi/3.4 Python/2.7.6 PHP/7.2.1 mod_perl/2.0.8 Perl/v5.16.3 
PHP TIME LIMIT: (0) no time limit imposed 
PHP MAX MEMORY: 2048M (128M default) 
MEMORY STACK: 16MB 

********************************************************************************
DATABASE:
********************************************************************************
BUILD MODE:   PHP(query limit - 100)
MYSQLTIMEOUT: 5000
MYSQLDUMP:    Not Supported 
TABLES: total:13 | filtered:0 | create:13 
FILTERED: [] 
SQL CREATED: 20180818_miprimertema_8817190c0092b0893368180818022150_database.sql 
SQL FILE SIZE: 492.49KB (504309) 
SQL FILE TIME: 2018-08-18 02:22:10 
SQL RUNTIME: 0.26 sec. 

******************************************************************************** 
ARCHIVE (ZIP): 
******************************************************************************** 
ARCHIVE DIR:  C:/Users/Eleana/Documents/Desafios/Semana-13-tema-wp/mi-primer-tema 
ARCHIVE FILE: 20180818_miprimertema_8817190c0092b0893368180818022150_archive.zip 
FILTERS: *OFF* 
DIRS:
	not set 
FILES:
	not set 
EXTS:  not set 
---------------------------------------- 
COMPRESSING 
SIZE:	36.24MB 
STATS:	Dirs 434 | Files 3,069 
SQL ADDED: 20180818_miprimertema_8817190c0092b0893368180818022150_database.sql 
ZipArchive Object
(
    [status] => 0
    [statusSys] => 0
    [numFiles] => 3503
    [filename] => C:\Users\Eleana\Documents\Desafios\Semana-13-tema-wp\mi-primer-tema\wp-snapshots\tmp\20180818_miprimertema_8817190c0092b0893368180818022150_archive.zip
    [comment] => 
)
 
COMPRESSION RESULT: '1' 
COMPRESSED SIZE: 17.36MB 
ARCHIVE RUNTIME: 64.47 sec. 
MEMORY STACK: 16MB 

******************************************************************************** 
MAKE INSTALLER: 
******************************************************************************** 
Build Start 
Build Finished 
Preping for use 
PACK SIZE:  
Template parsed with new data 
Complete [C:/Users/Eleana/Documents/Desafios/Semana-13-tema-wp/mi-primer-tema/wp-snapshots/tmp/20180818_miprimertema_8817190c0092b0893368180818022150_installer.php] 
Added to archive 

******************************************************************************** 
INTEGRITY CHECKS: 
******************************************************************************** 
SQL File: 492.49KB 
Installer File: 445.92KB 
Archive File: 17.36MB  

********************************************************************************
RECORD ID:[1]
TOTAL PROCESS RUNTIME: 66.14 sec.
PEAK PHP MEMORY USED: 18MB
DONE PROCESSING => 20180818_miprimertema 18 August, 2018 2:23 am
 
